make.exe all --print-data-base --no-builtin-variables --no-builtin-rules --question
# GNU Make 4.3
# Built for Windows32
# Copyright (C) 1988-2020 Free Software Foundation, Inc.
# License GPLv3+: GNU GPL version 3 or later <http://gnu.org/licenses/gpl.html>
# This is free software: you are free to change and redistribute it.
# There is NO WARRANTY, to the extent permitted by law.

# Make data base, printed on Sun Nov 21 17:41:53 2021

# Variables

# environment
SYSTEMDRIVE = C:
# environment
LC_ALL = C
# environment
USERPROFILE = C:\Users\levce
# environment
LOCALAPPDATA = C:\Users\levce\AppData\Local
# environment
VSCODE_IPC_HOOK_EXTHOST = \\.\pipe\vscode-ipc-a4369296-843a-4edf-bebf-3ad85c643819-sock
# environment
VSCODE_CWD = C:\Users\levce\AppData\Local\Programs\Microsoft VS Code
# environment
CHOCOLATEYINSTALL = C:\ProgramData\chocolatey
# environment
SYSTEMROOT = C:\WINDOWS
# e 
nvironment
PROCESSOR_LEVEL = 6
# environment
PSMODULEPATH = C:\Program Files\WindowsPowerShell\Modules;C:\WINDOWS\system32\WindowsPowerShell\v1.0\Modules
# default
MAKE_COMMAND := C:/ProgramData/chocolatey/lib/make/tools/install/bin/make.exe
# automatic
@D = $(patsubst %/,%,$(patsubst %\,%,$(dir $@)))
# environment
CHROME_CRASHPAD_PIPE_NAME = \\.\pipe\crashpad_16304_LJDTUKISGZLVDMRN
# environment
VSCODE_HANDLES_UNCAUGHT_ERRORS = true
# default
.VARIABLES := 
# automatic
%D = $(patsubst %/,%,$(patsubst %\,%,$(dir $%)))
# automatic
^D = $(patsubst %/,%,$(patsubst %\,%,$(dir $^)))
# environment
VSCODE_LOG_STACK = false
# automatic
%F = $(notdir $%)
# environment
VSCODE_CODE_CACHE_PATH = C:\Users\levce\AppData\Roaming\Code\CachedData\3a6960b964327f0e3882ce18fcebd07ed191b316
# environment
LANG = C
# default
.LOADED := 
# environment
TMP = C:\Users\levce\AppData\Local\Temp
# default
.INCLUDE_DIRS = .
# environment
CONFIGSETROOT = C:\WINDOWS\ConfigSetRoot
# environment
PROCESSOR_ARCHITEW6432 = AMD64
# makefile
MAKEFLAGS = pqrR
# environment
ONEDRIVE = C:\Users\levce\OneDrive
# makefile
CURDIR := c:/Users/levce/CLionProjects/Akinator
# environment
VSCODE_PIPE_LOGGING = true
# environment
APPLICATION_INSIGHTS_NO_DIAGNOSTIC_CHANNEL = true
# automatic
*D = $(patsubst %/,%,$(patsubst %\,%,$(dir $*)))
# environment
PROGRAMFILES = C:\Program Files (x86)
# environment
MFLAGS = -pqrR
# default
.SHELLFLAGS := -c
# environment
COMMONPROGRAMW6432 = C:\Program Files\Common Files
# automatic
+D = $(patsubst %/,%,$(patsubst %\,%,$(dir $+)))
# makefile (from 'Makefile', line 1)
MAKEFILE_LIST := Makefile
# automatic
@F = $(notdir $@)
# environment
VSCODE_VERBOSE_LOGGING = true
# environment
VSCODE_PID = 16304
# automatic
?D = $(patsubst %/,%,$(patsubst %\,%,$(dir $?)))
# automatic
*F = $(notdir $*)
# makefile (from 'Makefile', line 4)
BuildF = obj/
# automatic
<D = $(patsubst %/,%,$(patsubst %\,%,$(dir $<)))
# environment
VSCODE_NLS_CONFIG = {"locale":"ru","availableLanguages":{},"_languagePackSupport":true}
# environment
ONEDRIVECONSUMER = C:\Users\levce\OneDrive
# default
MAKE_HOST := Windows32
# environment
PROGRAMDATA = C:\ProgramData
# default
SHELL := sh.exe
# environment
HOMEPATH = \Users\levce
# default
MAKECMDGOALS := all
# environment
DRIVERDATA = C:\Windows\System32\Drivers\DriverData
# environment
COMSPEC = C:\WINDOWS\system32\cmd.exe
# environment
WINDIR = C:\WINDOWS
# environment
MAKELEVEL := 0
# default
MAKE = $(MAKE_COMMAND)
# environment
PATH = C:\Windows\system32;C:\Windows;C:\Windows\System32\Wbem;C:\Windows\System32\WindowsPowerShell\v1.0\;C:\Windows\System32\OpenSSH\;C:\Program Files (x86)\NVIDIA Corporation\PhysX\Common;C:\Program Files\Intel\WiFi\bin\;C:\Program Files\Common Files\Intel\WirelessCommon\;C:\Program Files\NVIDIA Corporation\NVIDIA NvDLISR;C:\WINDOWS\system32;C:\WINDOWS;C:\WINDOWS\System32\Wbem;C:\WINDOWS\System32\WindowsPowerShell\v1.0\;C:\WINDOWS\System32\OpenSSH\;C;C:\Program Files\Git\cmd;C:\ProgramData\chocolatey\bin;C:\Program Files\Graphviz\bin;C:\Users\levce\AppData\Local\Microsoft\WindowsApps;C:\Program Files\mingw-w64\x86_64-8.1.0-posix-seh-rt_v6-rev0\mingw64\bin;C:\Users\levce\AppData\Local\Programs\Microsoft VS Code\bin;C:\Users\levce\AppData\Local\GitHubDesktop\bin
# environment
COMPUTERNAME = MSI
# default
MAKEFILES := 
# automatic
^F = $(notdir $^)
# environment
PROMPT = $P$G
# environment
CHOCOLATEYLASTPATHUPDATE = 132805658015734431
# environment
LOGONSERVER = \\MSI
# environment
VSCODE_LOG_NATIVE = false
# environment
USERNAME = levce
# environment
COMMONPROGRAMFILES = C:\Program Files (x86)\Common Files
# automatic
?F = $(notdir $?)
# environment
PROGRAMW6432 = C:\Program Files
# environment
PATHEXT = .COM;.EXE;.BAT;.CMD;.VBS;.VBE;.JS;.JSE;.WSF;.WSH;.MSC
# automatic
+F = $(notdir $+)
# environment
ORIGINAL_XDG_CURRENT_DESKTOP = undefined
# environment
USERDOMAIN = MSI
# 'override' directive
GNUMAKEFLAGS := 
# environment
OS = Windows_NT
# makefile
.DEFAULT_GOAL := all
# default
MAKE_VERSION := 4.3
# environment
PROGRAMFILES(X86) = C:\Program Files (x86)
# environment
USERDOMAIN_ROAMINGPROFILE = MSI
# environment
NUMBER_OF_PROCESSORS = 8
# environment
PUBLIC = C:\Users\Public
# environment
APPDATA = C:\Users\levce\AppData\Roaming
# makefile (from 'Makefile', line 3)
CFLAGS = -g -std=c++14 -Wall -Wextra -Weffc++ -Waggressive-loop-optimizations -Wc++0x-compat -Wc++11-compat -Wc++14-compat -Wcast-align -Wcast-qual -Wchar-subscripts -Wconditionally-supported -Wconversion -Wctor-dtor-privacy -Wempty-body -Wfloat-equal -Wformat-nonliteral -Wformat-security -Wformat-signedness -Wformat=2 -Winline -Wlarger-than=8192 -Wlogical-op -Wmissing-declarations -Wnon-virtual-dtor -Wopenmp-simd -Woverloaded-virtual -Wpacked -Wpointer-arith -Wredundant-decls -Wshadow -Wsign-conversion -Wsign-promo -Wstack-usage=8192 -Wstrict-null-sentinel -Wstrict-overflow=2 -Wsuggest-final-methods -Wsuggest-final-types -Wsuggest-override -Wswitch-default -Wswitch-enum -Wsync-nand -Wundef -Wunreachable-code -Wunused -Wuseless-cast -Wvariadic-macros -Wno-literal-suffix -Wno-missing-field-initializers -Wno-narrowing -Wno-old-style-cast -Wno-varargs
# environment
HOMEDRIVE = C:
# environment
PROCESSOR_ARCHITECTURE = x86
# environment
VSCODE_AMD_ENTRYPOINT = vs/workbench/services/extensions/node/extensionHostProcess
# environment
COMMONPROGRAMFILES(X86) = C:\Program Files (x86)\Common Files
# environment
ELECTRON_RUN_AS_NODE = 1
# environment
TEMP = C:\Users\levce\AppData\Local\Temp
# environment
VSCODE_IPC_HOOK = \\.\pipe\8ed0da0d4bacc2ae6d6f0fa60307f0cf-1.62.2-main-sock
# default
.RECIPEPREFIX := 
# automatic
<F = $(notdir $<)
# default
SUFFIXES := 
# environment
ALLUSERSPROFILE = C:\ProgramData
# environment
SESSIONNAME = Console
# default
.FEATURES := target-specific order-only second-expansion else-if shortest-stem undefine oneshell nocomment grouped-target extra-prereqs archives jobserver output-sync load
# environment
PROCESSOR_REVISION = 8e0c
# makefile (from 'Makefile', line 1)
CC = g++
# environment
PROCESSOR_IDENTIFIER = Intel64 Family 6 Model 142 Stepping 12, GenuineIntel
# variable set hash-table stats:
# Load=99/1024=10%, Rehash=0, Collisions=9/155=6%

# Pattern-specific Variable Values

# No pattern-specific variable values.

# Directories

# . (key c:/Users/levce/CLionProjects/Akinator, mtime 1637504457): 26 files, no impossibilities.

# 26 files, no impossibilities in 1 directories.

# Implicit Rules

# No implicit rules.

# Files

# Not a target:
default_values.cpp:
#  Implicit rule search has been done.
#  Last modified 2021-11-21 00:32:04
#  File has been updated.
#  Successfully updated.

compare_objects.exe: obj/compare 
_objects.o obj/akinator.o obj/stack.o obj/open.o obj/save_graph.o obj/get_characterist.o obj/default_values.o
#  Implicit rule search has not been done.
#  Last modified 2021-11-21 17:20:57
#  File has been updated.
#  Successfully updated.
#  recipe to execute (from 'Makefile', line 14):
	$(CC) -g      	  $(BuildF)compare_objects.o $(BuildF)akinator.o $(BuildF)stack.o $(BuildF)open.o $(BuildF)save_graph.o $(BuildF)get_characterist.o $(BuildF)default_values.o -o compare_objects.exe

obj/default_values.o: default_values.cpp | obj
#  Implicit rule search has not been done.
#  Last modified 2021-11-21 16:31:20
#  File has been updated.
#  Successfully updated.
#  recipe to execute (from 'Makefile', line 23):
	$(CC) -c $(CFLAGS) default_values.cpp -o $(BuildF)default_values.o

# Not a target:
Makefile:
#  Implicit rule search has been done.
#  Last modified 2021-11-21 17:39:51
#  File has been updated.
#  Successfully updated.

clean:
#  Implicit rule search has not been done.
#  Modification time never checked.
#  File has not been updated.
#  recipe to execute (from 'Makefile', line 47):
	del /q /s obj

obj/play.o: play.cpp | obj
#  Implicit rule search has not been done.
#  Last modified 2021-11-21 16:31:19
#  File has been updated.
#  Successfully updated.
#  recipe to execute (from 'Makefile', line 26):
	$(CC) -c $(CFLAGS) play.cpp -o $(BuildF)play.o

find_object.exe: obj/find_object.o obj/akinator.o obj/stack.o obj/open.o obj/save_graph.o obj/get_characterist.o obj/default_values.o
#  Implicit rule search has not been done.
#  Last modified 2021-11-21 17:20:57
#  File has been updated.
#  Successfully updated.
#  recipe to execute (from 'Makefile', line 11):
	$(CC) -g      $(BuildF)find_object.o $(BuildF)akinator.o $(BuildF)stack.o $(BuildF)open.o $(BuildF)save_graph.o $(BuildF)get_characterist.o $(BuildF)default_values.o -o find_object.exe

# Not a target:
stack.cpp:
#  Implicit rule search has been done.
#  Last modified 2021-11-21 14:31:25
#  File has been updated.
#  Successfully updated.

obj:
#  Implicit rule search has not been done.
#  Last modified 2021-11-21 17:20:56
#  File has been updated.
#  Successfully updated.
#  recipe to execute (from 'Makefile', line 44):
	mkdir $@

# Not a target:
open.cpp:
#  Implicit rule search has been done.
#  Last modified 2021-11-21 14:58:27
#  File has been updated.
#  Successfully updated.

obj/find_object.o: find_object.cpp | obj
#  Implicit rule search has not been done.
#  Last modified 2021-11-21 16:58:35
#  File has been updated.
#  Successfully updated.
#  recipe to execute (from 'Makefile', line 20):
	$(CC) -c $(CFLAGS) find_object.cpp -o $(BuildF)find_object.o

# Not a target:
play.cpp:
#  Implicit rule search has been done.
#  Last modified 2021-11-21 15:59:16
#  File has been updated.
#  Successfully updated.

# Not a target:
.DEFAULT:
#  Implicit rule search has not been done.
#  Modification time never checked.
#  File has not been updated.

obj/akinator.o: akinator.cpp | obj
#  Implicit rule search has not been done.
#  Last modified 2021-11-21 16:31:20
#  File has been updated.
#  Successfully updated.
#  recipe to execute (from 'Makefile', line 29):
	$(CC) -c $(CFLAGS) akinator.cpp -o $(BuildF)akinator.o

all: play.exe find_object.exe compare_objects.exe
#  Command line target.
#  Implicit rule search has been done.
#  File does not exist.
#  File has been updated.
#  Successfully updated.

# Not a target:
get_characterist.cpp:
#  Implicit rule search has been done.
#  Last modified 2021-11-21 13:21:23
#  File has been updated.
#  Successfully updated.

play.exe: obj/play.o obj/akinator.o obj/stack.o obj/open.o obj/save_graph.o obj/default_values.o
#  Implicit rule search has not been done.
#  Last modified 2021-11-21 17:20:57
#  File has been updated.
#  Successfully updated.
#  recipe to execute (from 'Makefile', line 8):
	$(CC) -g $(BuildF)play.o $(BuildF)akinator.o $(BuildF)stack.o $(BuildF)open.o $(BuildF)save_graph.o $(BuildF)default_values.o -o play.exe

# Not a target:
compare_objects.cpp:
#  Implicit rule search has been done.
#  Last modified 2021-11-21 17:15:19
#  File has been updated.
#  Successfully updated.

obj/get_characterist.o: get_characterist.cpp | obj
#  Implicit rule search has not been done.
#  Last modified 2021-11-21 16:31:21
#  File has been updated.
#  Successfully updated.
#  recipe to execute (from 'Makefile', line 41):
	$(CC) -c $(CFLAGS) get_characterist.cpp -o $(BuildF)get_characterist.o

obj/open.o: open.cpp | obj
#  Implicit rule search has not been done.
#  Last modified 2021-11-21 16:31:20
#  File has been updated.
#  Successfully updated.
#  recipe to execute (from 'Makefile', line 35):
	$(CC) -c $(CFLAGS) open.cpp -o $(BuildF)open.o

obj/save_graph.o: save_graph.cpp | obj
#  Implicit rule search has not been done.
#  Last modified 2021-11-21 17:20:56
#  File has been updated.
#  Successfully updated.
#  recipe to execute (from 'Makefile', line 38):
	$(CC) -c $(CFLAGS) save_graph.cpp -o $(BuildF)save_graph.o

# Not a target:
find_object.cpp:
#  Implicit rule search has been done.
#  Last modified 2021-11-21 16:58:32
#  File  
has been updated.
#  Successfully updated.

# Not a target:
save_graph.cpp:
#  Implicit rule search has been done.
#  Last modified 2021-11-21 17:20:55
#  File has been updated.
#  Successfully updated.

# Not a target:
akinator.cpp:
#  Implicit rule search has been done.
#  Last modified 2021-11-21 00:38:21
#  File has been updated.
#  Successfully updated.

obj/stack.o: stack.cpp | obj
#  Implicit rule search has not been done.
#  Last modified 2021-11-21 16:31:20
#  File has been updated.
#  Successfully updated.
#  recipe to execute (from 'Makefile', line 32):
	$(CC) -c $(CFLAGS) stack.cpp -o $(BuildF)stack.o

obj/compare_objects.o: compare_objects.cpp | obj
#  Implicit rule search has not been done.
#  Last modified 2021-11-21 17:15:21
#  File has been updated.
#  Successfully updated.
#  recipe to execute (from 'Makefile', line 17):
	$(CC) -c $(CFLAGS) compare_objects.cpp -o $(BuildF)compare_objects.o

# files hash-table stats:
# Load=27/1024=3%, Rehash=0, Collisions=2/92=2%
# VPATH Search Paths

# No 'vpath' search paths.

# No general ('VPATH' variable) search path.

# strcache buffers: 1 (0) / strings = 39 / storage = 472 B / avg = 12 B
# current buf: size = 8174 B / used = 472 B / count = 39 / avg = 12 B

# strcache performance: lookups = 104 / hit rate = 62%
# hash-table stats:
# Load=39/8192=0%, Rehash=0, Collisions=0/104=0%
# Finished Make data base on Sun Nov 21 17:41:53 2021

 
